Start testing: May 14 14:06 BST
----------------------------------------------------------
1/1 Testing: MyUnitTests
1/1 Test: MyUnitTests
Command: "/Users/mikeshubrook/Desktop/KalmanFilter/build/bin/unit_tests"
Directory: /Users/mikeshubrook/Desktop/KalmanFilter/build/tests
"MyUnitTests" start time: May 14 14:06 BST
Output:
----------------------------------------------------------
Running 1 test case...

[1;32;49m*** No errors detected
[0;39;49m
<end of output>
Test time =   0.29 sec
----------------------------------------------------------
Test Passed.
"MyUnitTests" end time: May 14 14:06 BST
"MyUnitTests" time elapsed: 00:00:00
----------------------------------------------------------

End testing: May 14 14:06 BST
